<?xml version="1.0" encoding="UTF-8"?>
<!-- Generated by org.testng.reporters.JUnitReportReporter -->
<testsuite hostname="DESKTOP-355R97V" failures="0" tests="4" name="TestRunner.RunnerTest" time="80.115" errors="0" timestamp="2024-01-11T21:23:37 IST" skipped="0">
  <testcase classname="TestRunner.RunnerTest" name="runScenario" time="3.381"/>
  <system-out/>
  <testcase classname="TestRunner.RunnerTest" name="runScenario" time="29.821"/>
  <system-out/>
  <testcase classname="TestRunner.RunnerTest" name="runScenario" time="30.685"/>
  <system-out/>
  <testcase classname="TestRunner.RunnerTest" name="runScenario" time="16.228"/>
  <system-out/>
</testsuite> <!-- TestRunner.RunnerTest -->
